{"c:\\Users\\james.harrison\\Desktop\\BowlingGame\\spec\\bowlingGame.spec.js":{"path":"c:\\Users\\james.harrison\\Desktop\\BowlingGame\\spec\\bowlingGame.spec.js","s":{"1":1,"2":1,"3":5,"4":85,"5":1,"6":1,"7":1,"8":1,"9":1,"10":1,"11":1,"12":1,"13":1,"14":1,"15":1,"16":1,"17":1,"18":1,"19":1,"20":1,"21":1,"22":1,"23":1,"24":1,"25":1,"26":1,"27":1,"28":1,"29":1,"30":1,"31":1,"32":1,"33":1,"34":1,"35":1,"36":1},"b":{},"f":{"1":5},"fnMap":{"1":{"name":"rollMany","line":5,"loc":{"start":{"line":5,"column":0},"end":{"line":5,"column":37}}}},"statementMap":{"1":{"start":{"line":3,"column":0},"end":{"line":3,"column":50}},"2":{"start":{"line":5,"column":0},"end":{"line":10,"column":1}},"3":{"start":{"line":7,"column":1},"end":{"line":9,"column":2}},"4":{"start":{"line":8,"column":2},"end":{"line":8,"column":18}},"5":{"start":{"line":12,"column":0},"end":{"line":74,"column":3}},"6":{"start":{"line":14,"column":1},"end":{"line":23,"column":4}},"7":{"start":{"line":16,"column":2},"end":{"line":16,"column":43}},"8":{"start":{"line":17,"column":2},"end":{"line":17,"column":24}},"9":{"start":{"line":19,"column":2},"end":{"line":22,"column":5}},"10":{"start":{"line":21,"column":3},"end":{"line":21,"column":36}},"11":{"start":{"line":25,"column":1},"end":{"line":34,"column":4}},"12":{"start":{"line":27,"column":2},"end":{"line":27,"column":43}},"13":{"start":{"line":28,"column":2},"end":{"line":28,"column":24}},"14":{"start":{"line":30,"column":2},"end":{"line":33,"column":5}},"15":{"start":{"line":32,"column":3},"end":{"line":32,"column":37}},"16":{"start":{"line":36,"column":1},"end":{"line":48,"column":4}},"17":{"start":{"line":38,"column":2},"end":{"line":38,"column":43}},"18":{"start":{"line":39,"column":2},"end":{"line":39,"column":15}},"19":{"start":{"line":40,"column":2},"end":{"line":40,"column":15}},"20":{"start":{"line":41,"column":2},"end":{"line":41,"column":15}},"21":{"start":{"line":42,"column":2},"end":{"line":42,"column":24}},"22":{"start":{"line":44,"column":2},"end":{"line":47,"column":5}},"23":{"start":{"line":46,"column":3},"end":{"line":46,"column":37}},"24":{"start":{"line":50,"column":1},"end":{"line":62,"column":4}},"25":{"start":{"line":52,"column":2},"end":{"line":52,"column":43}},"26":{"start":{"line":53,"column":2},"end":{"line":53,"column":16}},"27":{"start":{"line":54,"column":2},"end":{"line":54,"column":15}},"28":{"start":{"line":55,"column":2},"end":{"line":55,"column":15}},"29":{"start":{"line":56,"column":2},"end":{"line":56,"column":24}},"30":{"start":{"line":58,"column":2},"end":{"line":61,"column":5}},"31":{"start":{"line":60,"column":3},"end":{"line":60,"column":37}},"32":{"start":{"line":64,"column":1},"end":{"line":73,"column":4}},"33":{"start":{"line":66,"column":2},"end":{"line":66,"column":43}},"34":{"start":{"line":67,"column":2},"end":{"line":67,"column":25}},"35":{"start":{"line":69,"column":2},"end":{"line":72,"column":5}},"36":{"start":{"line":71,"column":3},"end":{"line":71,"column":38}}},"branchMap":{}},"c:\\Users\\james.harrison\\Desktop\\BowlingGame\\src\\bowlingGame.js":{"path":"c:\\Users\\james.harrison\\Desktop\\BowlingGame\\src\\bowlingGame.js","s":{"1":1,"2":5,"3":5,"4":91,"5":5,"6":5,"7":5,"8":5,"9":50,"10":11,"11":11,"12":39,"13":1,"14":1,"15":38,"16":38,"17":5,"18":1,"19":50,"20":1,"21":39,"22":1,"23":11,"24":1,"25":1,"26":1,"27":38},"b":{"1":[11,39],"2":[1,38]},"f":{"1":5,"2":91,"3":5,"4":50,"5":39,"6":11,"7":1,"8":38},"fnMap":{"1":{"name":"(anonymous_1)","line":5,"loc":{"start":{"line":5,"column":14},"end":{"line":5,"column":26}}},"2":{"name":"(anonymous_2)","line":13,"loc":{"start":{"line":13,"column":14},"end":{"line":13,"column":30}}},"3":{"name":"(anonymous_3)","line":18,"loc":{"start":{"line":18,"column":19},"end":{"line":18,"column":31}}},"4":{"name":"isStrike","line":44,"loc":{"start":{"line":44,"column":2},"end":{"line":44,"column":34}}},"5":{"name":"isSpare","line":49,"loc":{"start":{"line":49,"column":2},"end":{"line":49,"column":33}}},"6":{"name":"getNextTwoBallsForStrike","line":54,"loc":{"start":{"line":54,"column":2},"end":{"line":54,"column":50}}},"7":{"name":"getNextBallForSpare","line":59,"loc":{"start":{"line":59,"column":2},"end":{"line":59,"column":45}}},"8":{"name":"getTwoBallsInFrame","line":64,"loc":{"start":{"line":64,"column":2},"end":{"line":64,"column":44}}}},"statementMap":{"1":{"start":{"line":3,"column":0},"end":{"line":69,"column":2}},"2":{"start":{"line":9,"column":2},"end":{"line":9,"column":17}},"3":{"start":{"line":13,"column":2},"end":{"line":16,"column":4}},"4":{"start":{"line":15,"column":3},"end":{"line":15,"column":20}},"5":{"start":{"line":18,"column":2},"end":{"line":40,"column":4}},"6":{"start":{"line":20,"column":3},"end":{"line":20,"column":17}},"7":{"start":{"line":21,"column":3},"end":{"line":21,"column":24}},"8":{"start":{"line":23,"column":3},"end":{"line":37,"column":4}},"9":{"start":{"line":25,"column":4},"end":{"line":36,"column":5}},"10":{"start":{"line":27,"column":5},"end":{"line":27,"column":58}},"11":{"start":{"line":28,"column":5},"end":{"line":28,"column":20}},"12":{"start":{"line":29,"column":11},"end":{"line":36,"column":5}},"13":{"start":{"line":30,"column":5},"end":{"line":30,"column":53}},"14":{"start":{"line":31,"column":5},"end":{"line":31,"column":23}},"15":{"start":{"line":34,"column":5},"end":{"line":34,"column":47}},"16":{"start":{"line":35,"column":5},"end":{"line":35,"column":23}},"17":{"start":{"line":39,"column":3},"end":{"line":39,"column":16}},"18":{"start":{"line":44,"column":2},"end":{"line":47,"column":3}},"19":{"start":{"line":46,"column":3},"end":{"line":46,"column":37}},"20":{"start":{"line":49,"column":2},"end":{"line":52,"column":3}},"21":{"start":{"line":51,"column":3},"end":{"line":51,"column":63}},"22":{"start":{"line":54,"column":2},"end":{"line":57,"column":3}},"23":{"start":{"line":56,"column":3},"end":{"line":56,"column":60}},"24":{"start":{"line":59,"column":2},"end":{"line":62,"column":3}},"25":{"start":{"line":61,"column":3},"end":{"line":61,"column":34}},"26":{"start":{"line":64,"column":2},"end":{"line":67,"column":3}},"27":{"start":{"line":66,"column":3},"end":{"line":66,"column":56}}},"branchMap":{"1":{"line":25,"type":"if","locations":[{"start":{"line":25,"column":4},"end":{"line":25,"column":4}},{"start":{"line":25,"column":4},"end":{"line":25,"column":4}}]},"2":{"line":29,"type":"if","locations":[{"start":{"line":29,"column":11},"end":{"line":29,"column":11}},{"start":{"line":29,"column":11},"end":{"line":29,"column":11}}]}}}}