TN:
SF:c:\Users\james.harrison\Desktop\BowlingGame\spec\bowlingGame.spec.js
FN:5,rollMany
FNF:1
FNH:1
FNDA:5,rollMany
DA:3,1
DA:5,1
DA:7,5
DA:8,85
DA:12,1
DA:14,1
DA:16,1
DA:17,1
DA:19,1
DA:21,1
DA:25,1
DA:27,1
DA:28,1
DA:30,1
DA:32,1
DA:36,1
DA:38,1
DA:39,1
DA:40,1
DA:41,1
DA:42,1
DA:44,1
DA:46,1
DA:50,1
DA:52,1
DA:53,1
DA:54,1
DA:55,1
DA:56,1
DA:58,1
DA:60,1
DA:64,1
DA:66,1
DA:67,1
DA:69,1
DA:71,1
LF:36
LH:36
BRF:0
BRH:0
end_of_record
TN:
SF:c:\Users\james.harrison\Desktop\BowlingGame\src\bowlingGame.js
FN:5,(anonymous_1)
FN:13,(anonymous_2)
FN:18,(anonymous_3)
FN:44,isStrike
FN:49,isSpare
FN:54,getNextTwoBallsForStrike
FN:59,getNextBallForSpare
FN:64,getTwoBallsInFrame
FNF:8
FNH:8
FNDA:5,(anonymous_1)
FNDA:91,(anonymous_2)
FNDA:5,(anonymous_3)
FNDA:50,isStrike
FNDA:39,isSpare
FNDA:11,getNextTwoBallsForStrike
FNDA:1,getNextBallForSpare
FNDA:38,getTwoBallsInFrame
DA:3,1
DA:9,5
DA:13,5
DA:15,91
DA:18,5
DA:20,5
DA:21,5
DA:23,5
DA:25,50
DA:27,11
DA:28,11
DA:29,39
DA:30,1
DA:31,1
DA:34,38
DA:35,38
DA:39,5
DA:44,1
DA:46,50
DA:49,1
DA:51,39
DA:54,1
DA:56,11
DA:59,1
DA:61,1
DA:64,1
DA:66,38
LF:27
LH:27
BRDA:25,1,0,11
BRDA:25,1,1,39
BRDA:29,2,0,1
BRDA:29,2,1,38
BRF:4
BRH:4
end_of_record
